#
# There is insufficient memory for the Java Runtime Environment to continue.
# Native memory allocation (mmap) failed to map 36175872 bytes for committing reserved memory.
# Possible reasons:
#   The system is out of physical RAM or swap space
#   In 32 bit mode, the process size limit was hit
# Possible solutions:
#   Reduce memory load on the system
#   Increase physical memory or swap space
#   Check if swap backing store is full
#   Use 64 bit Java on a 64 bit OS
#   Decrease Java heap size (-Xmx/-Xms)
#   Decrease number of Java threads
#   Decrease Java thread stack sizes (-Xss)
#   Set larger code cache with -XX:ReservedCodeCacheSize=
# This output file may be truncated or incomplete.
#
#  Out of Memory Error (os_linux.cpp:2640), pid=5012, tid=0x00007f46faf20700
#
# JRE version: OpenJDK Runtime Environment (8.0_152-b06) (build 1.8.0_152-release-1136-b06)
# Java VM: OpenJDK 64-Bit Server VM (25.152-b06 mixed mode linux-amd64 compressed oops)
# Failed to write core dump. Core dumps have been disabled. To enable core dumping, try "ulimit -c unlimited" before starting Java again
#

---------------  T H R E A D  ---------------

Current thread (0x00007f4714078000):  VMThread [stack: 0x00007f46fae20000,0x00007f46faf21000] [id=5020]

Stack: [0x00007f46fae20000,0x00007f46faf21000],  sp=0x00007f46faf1f580,  free space=1021k
Native frames: (J=compiled Java code, j=interpreted, Vv=VM code, C=native code)
V  [libjvm.so+0xa70d3f]  VMError::report_and_die()+0x2af
V  [libjvm.so+0x4c7207]  report_vm_out_of_memory(char const*, int, unsigned long, VMErrorType, char const*)+0x67
V  [libjvm.so+0x8b5b70]  os::pd_commit_memory(char*, unsigned long, unsigned long, bool)+0x100
V  [libjvm.so+0x8b078f]  os::commit_memory(char*, unsigned long, unsigned long, bool)+0x1f
V  [libjvm.so+0x92e446]  PSVirtualSpace::expand_by(unsigned long)+0x56
V  [libjvm.so+0x92f6d8]  PSYoungGen::resize(unsigned long, unsigned long)+0xd8
V  [libjvm.so+0x92be66]  PSScavenge::invoke_no_policy()+0x1356
V  [libjvm.so+0x92c20c]  PSScavenge::invoke()+0x4c
V  [libjvm.so+0x8dbda8]  ParallelScavengeHeap::failed_mem_allocate(unsigned long)+0x68
V  [libjvm.so+0xa72873]  VM_ParallelGCFailedAllocation::doit()+0x93
V  [libjvm.so+0xa778a6]  VM_Operation::evaluate()+0x46
V  [libjvm.so+0xa75102]  VMThread::evaluate_operation(VM_Operation*) [clone .constprop.31]+0xa2
V  [libjvm.so+0xa7652b]  VMThread::loop()+0x37b
V  [libjvm.so+0xa768d8]  VMThread::run()+0x78
V  [libjvm.so+0x8b3332]  java_start(Thread*)+0x102

VM_Operation (0x00007f46c85f6e00): ParallelGCFailedAllocation, mode: safepoint, requested by thread 0x00007f46a4041000


---------------  P R O C E S S  ---------------

Java Threads: ( => current thread )
  0x00007f46d4b3b800 JavaThread "ForkJoinPool-146-worker-20" daemon [_thread_blocked, id=15110, stack(0x00007f467755b000,0x00007f467765c000)]
  0x00007f46d8436800 JavaThread "ForkJoinPool-146-worker-27" daemon [_thread_blocked, id=15109, stack(0x00007f467765c000,0x00007f467775d000)]
  